2016-01-08 15:03:13,722 INFO  [Log] Browser initiated.... 
2016-01-08 15:03:18,995 INFO  [Log] Browser open.... 
2016-01-08 15:03:19,003 INFO  [Log] Read data from Excel... 
2016-01-08 15:03:21,438 INFO  [Log] User text box found.... 
2016-01-08 15:03:26,020 INFO  [Log] Password text box found.... 
2016-01-08 15:03:30,536 INFO  [Log] Submit button found.... 
2016-01-08 15:03:30,536 INFO  [Log] Read row wise and column wise value from Excel... 
2016-01-08 15:03:32,248 INFO  [Log] User text box found.... 
2016-01-08 15:03:37,105 INFO  [Log] Password text box found.... 
2016-01-08 15:03:41,557 INFO  [Log] Submit button found.... 
2016-01-08 15:03:41,557 INFO  [Log] Read row wise and column wise value from Excel... 
2016-01-08 15:03:43,285 INFO  [Log] User text box found.... 
2016-01-08 15:03:48,479 INFO  [Log] Password text box found.... 
2016-01-08 15:03:52,097 INFO  [Log] Submit button found.... 
2016-01-08 15:03:52,097 INFO  [Log] Read row wise and column wise value from Excel... 
2016-01-08 15:03:52,304 INFO  [Log] User text box found.... 
2016-01-08 15:03:55,440 INFO  [Log] Password text box found.... 
2016-01-08 15:04:02,322 INFO  [Log] Submit button found.... 
2016-01-08 15:04:02,322 INFO  [Log] Read row wise and column wise value from Excel... 
2016-01-08 15:04:02,685 INFO  [Log] Click event on logout... 
2016-01-08 15:04:04,059 INFO  [Log] Click event on logout... 
2016-01-12 15:57:14,042 INFO  [Log] Browser initiated.... 
2016-01-12 15:57:17,084 INFO  [Log] Browser open.... 
2016-01-12 15:57:17,091 INFO  [Log] Read data from Excel... 
2016-01-12 15:57:17,744 INFO  [Log] Read excel... 
2016-01-12 15:57:19,615 INFO  [Log] User text box found.... 
2016-01-12 15:57:24,360 INFO  [Log] Password text box found.... 
2016-01-12 15:57:28,982 INFO  [Log] Submit button found.... 
2016-01-12 15:57:28,982 INFO  [Log] Read row wise and column wise value from Excel... 
2016-01-12 15:57:30,881 INFO  [Log] User text box found.... 
2016-01-12 15:57:35,926 INFO  [Log] Password text box found.... 
2016-01-12 15:57:40,536 INFO  [Log] Submit button found.... 
2016-01-12 15:57:40,536 INFO  [Log] Read row wise and column wise value from Excel... 
2016-01-12 15:57:42,499 INFO  [Log] User text box found.... 
2016-01-12 15:57:47,625 INFO  [Log] Password text box found.... 
2016-01-12 15:57:52,148 INFO  [Log] Submit button found.... 
2016-01-12 15:57:52,149 INFO  [Log] Read row wise and column wise value from Excel... 
2016-01-12 15:57:53,721 INFO  [Log] User text box found.... 
2016-01-12 15:57:58,662 INFO  [Log] Password text box found.... 
2016-01-12 15:58:11,616 INFO  [Log] Submit button found.... 
2016-01-12 15:58:11,616 INFO  [Log] Read row wise and column wise value from Excel... 
2016-01-12 15:58:13,116 INFO  [Log] Click event on logout... 
2016-01-12 15:58:14,208 INFO  [Log] Closing driver... 
2016-01-12 16:00:53,094 INFO  [Log] Browser initiated.... 
2016-01-12 16:00:55,862 INFO  [Log] Browser open.... 
2016-01-12 16:00:55,869 INFO  [Log] Read data from Excel... 
2016-01-12 16:00:56,451 INFO  [Log] Read excel... 
2016-01-12 16:00:58,097 INFO  [Log] User text box found.... 
2016-01-12 16:01:03,095 INFO  [Log] Password text box found.... 
2016-01-12 16:01:07,856 INFO  [Log] Submit button found.... 
2016-01-12 16:01:07,856 INFO  [Log] Read row wise and column wise value from Excel... 
2016-01-12 16:01:09,662 INFO  [Log] User text box found.... 
2016-01-12 16:01:14,740 INFO  [Log] Password text box found.... 
2016-01-12 16:01:19,537 INFO  [Log] Submit button found.... 
2016-01-12 16:01:19,538 INFO  [Log] Read row wise and column wise value from Excel... 
2016-01-12 16:01:21,320 INFO  [Log] User text box found.... 
2016-01-12 16:01:26,374 INFO  [Log] Password text box found.... 
2016-01-12 16:01:31,239 INFO  [Log] Submit button found.... 
2016-01-12 16:01:31,239 INFO  [Log] Read row wise and column wise value from Excel... 
2016-01-12 16:01:33,002 INFO  [Log] User text box found.... 
2016-01-12 16:01:37,860 INFO  [Log] Password text box found.... 
2016-01-12 16:01:47,530 INFO  [Log] Submit button found.... 
2016-01-12 16:01:47,530 INFO  [Log] Read row wise and column wise value from Excel... 
2016-01-12 16:01:49,369 INFO  [Log] Click event on logout... 
2016-01-12 16:01:50,482 INFO  [Log] Closing driver... 
2016-01-12 16:19:26,571 INFO  [Log] Browser initiated.... 
2016-01-12 16:19:30,474 INFO  [Log] Browser open.... 
2016-01-12 16:19:30,478 INFO  [Log] Read data from Excel... 
2016-01-12 16:19:31,079 INFO  [Log] Read excel... 
2016-01-12 16:19:32,872 INFO  [Log] User text box found.... 
2016-01-12 16:19:37,855 INFO  [Log] Password text box found.... 
2016-01-12 16:19:42,488 INFO  [Log] Submit button found.... 
2016-01-12 16:19:42,488 INFO  [Log] Read row wise and column wise value from Excel... 
2016-01-12 16:19:44,156 INFO  [Log] User text box found.... 
2016-01-12 16:19:49,104 INFO  [Log] Password text box found.... 
2016-01-12 16:19:53,824 INFO  [Log] Submit button found.... 
2016-01-12 16:19:53,824 INFO  [Log] Read row wise and column wise value from Excel... 
2016-01-12 16:19:55,687 INFO  [Log] User text box found.... 
2016-01-12 16:20:00,471 INFO  [Log] Password text box found.... 
2016-01-12 16:20:05,153 INFO  [Log] Submit button found.... 
2016-01-12 16:20:05,154 INFO  [Log] Read row wise and column wise value from Excel... 
2016-01-12 16:20:06,885 INFO  [Log] User text box found.... 
2016-01-12 16:20:11,735 INFO  [Log] Password text box found.... 
2016-01-12 16:20:21,063 INFO  [Log] Submit button found.... 
2016-01-12 16:20:21,063 INFO  [Log] Read row wise and column wise value from Excel... 
2016-01-12 16:20:22,760 INFO  [Log] Click event on logout... 
2016-01-12 16:20:24,148 INFO  [Log] Closing driver... 
2016-01-12 16:22:24,187 INFO  [Log] Browser initiated.... 
2016-01-12 16:22:26,629 INFO  [Log] Browser open.... 
2016-01-12 16:22:26,634 INFO  [Log] Read data from Excel... 
2016-01-12 16:22:27,312 INFO  [Log] Read excel... 
2016-01-12 16:22:29,116 INFO  [Log] User text box found.... 
2016-01-12 16:22:33,948 INFO  [Log] Password text box found.... 
2016-01-12 16:22:38,997 INFO  [Log] Submit button found.... 
2016-01-12 16:22:39,021 INFO  [Log] Read row wise and column wise value from Excel... 
2016-01-12 16:22:40,730 INFO  [Log] User text box found.... 
2016-01-12 16:22:45,548 INFO  [Log] Password text box found.... 
2016-01-12 16:22:50,221 INFO  [Log] Submit button found.... 
2016-01-12 16:22:50,222 INFO  [Log] Read row wise and column wise value from Excel... 
2016-01-12 16:22:52,391 INFO  [Log] User text box found.... 
2016-01-12 16:22:57,086 INFO  [Log] Password text box found.... 
2016-01-12 16:23:01,909 INFO  [Log] Submit button found.... 
2016-01-12 16:23:01,909 INFO  [Log] Read row wise and column wise value from Excel... 
2016-01-12 16:23:03,636 INFO  [Log] User text box found.... 
2016-01-12 16:23:08,750 INFO  [Log] Password text box found.... 
2016-01-12 16:23:17,129 INFO  [Log] Submit button found.... 
2016-01-12 16:23:17,129 INFO  [Log] Read row wise and column wise value from Excel... 
2016-01-12 16:23:18,465 INFO  [Log] Click event on logout... 
2016-01-12 16:23:19,820 INFO  [Log] Closing driver... 
2016-01-12 16:24:43,527 INFO  [Log] Browser initiated.... 
2016-01-12 16:24:47,309 INFO  [Log] Browser open.... 
2016-01-12 16:24:47,314 INFO  [Log] Read data from Excel... 
2016-01-12 16:24:47,935 INFO  [Log] Read excel... 
2016-01-12 16:24:49,654 INFO  [Log] User text box found.... 
2016-01-12 16:24:54,655 INFO  [Log] Password text box found.... 
2016-01-12 16:24:59,151 INFO  [Log] Submit button found.... 
2016-01-12 16:24:59,151 INFO  [Log] Read row wise and column wise value from Excel... 
2016-01-12 16:25:00,852 INFO  [Log] User text box found.... 
2016-01-12 16:25:05,716 INFO  [Log] Password text box found.... 
2016-01-12 16:25:10,491 INFO  [Log] Submit button found.... 
2016-01-12 16:25:10,491 INFO  [Log] Read row wise and column wise value from Excel... 
2016-01-12 16:25:12,337 INFO  [Log] User text box found.... 
2016-01-12 16:25:17,559 INFO  [Log] Password text box found.... 
2016-01-12 16:25:22,409 INFO  [Log] Submit button found.... 
2016-01-12 16:25:22,409 INFO  [Log] Read row wise and column wise value from Excel... 
2016-01-12 16:25:24,183 INFO  [Log] User text box found.... 
2016-01-12 16:25:29,218 INFO  [Log] Password text box found.... 
2016-01-12 16:25:38,181 INFO  [Log] Submit button found.... 
2016-01-12 16:25:38,181 INFO  [Log] Read row wise and column wise value from Excel... 
2016-01-12 16:25:39,743 INFO  [Log] Click event on logout... 
2016-01-12 16:25:41,076 INFO  [Log] Closing driver... 
2016-01-12 16:45:25,128 INFO  [Log] Browser initiated.... 
2016-01-12 16:45:28,032 INFO  [Log] Browser open.... 
2016-01-12 16:45:28,036 INFO  [Log] Read data from Excel... 
2016-01-12 16:45:28,629 INFO  [Log] Read excel... 
2016-01-12 16:45:30,447 INFO  [Log] User text box found.... 
2016-01-12 16:45:35,118 INFO  [Log] Password text box found.... 
2016-01-12 16:45:39,404 INFO  [Log] Submit button found.... 
2016-01-12 16:45:39,404 INFO  [Log] Read row wise and column wise value from Excel... 
2016-01-12 16:45:41,416 INFO  [Log] User text box found.... 
2016-01-12 16:45:46,346 INFO  [Log] Password text box found.... 
2016-01-12 16:45:51,197 INFO  [Log] Submit button found.... 
2016-01-12 16:45:51,197 INFO  [Log] Read row wise and column wise value from Excel... 
2016-01-12 16:45:53,051 INFO  [Log] User text box found.... 
2016-01-12 16:45:57,660 INFO  [Log] Password text box found.... 
2016-01-12 16:46:02,281 INFO  [Log] Submit button found.... 
2016-01-12 16:46:02,281 INFO  [Log] Read row wise and column wise value from Excel... 
2016-01-12 16:46:04,010 INFO  [Log] User text box found.... 
2016-01-12 16:46:09,049 INFO  [Log] Password text box found.... 
2016-01-12 16:46:16,499 INFO  [Log] Submit button found.... 
2016-01-12 16:46:16,499 INFO  [Log] Read row wise and column wise value from Excel... 
2016-01-12 16:46:16,930 INFO  [Log] Click event on logout... 
2016-01-12 16:46:18,024 INFO  [Log] Closing driver... 
2016-01-12 16:48:58,338 INFO  [Log] Browser initiated.... 
2016-01-12 16:49:02,615 INFO  [Log] Browser open.... 
2016-01-12 16:49:02,619 INFO  [Log] Read data from Excel... 
2016-01-12 16:49:03,216 INFO  [Log] Read excel... 
2016-01-12 16:49:04,957 INFO  [Log] User text box found.... 
2016-01-12 16:49:10,213 INFO  [Log] Password text box found.... 
2016-01-12 16:49:14,801 INFO  [Log] Submit button found.... 
2016-01-12 16:49:14,802 INFO  [Log] Read row wise and column wise value from Excel... 
2016-01-12 16:49:16,517 INFO  [Log] User text box found.... 
2016-01-12 16:49:21,121 INFO  [Log] Password text box found.... 
2016-01-12 16:49:25,998 INFO  [Log] Submit button found.... 
2016-01-12 16:49:25,998 INFO  [Log] Read row wise and column wise value from Excel... 
2016-01-12 16:49:27,818 INFO  [Log] User text box found.... 
2016-01-12 16:49:31,907 INFO  [Log] Password text box found.... 
2016-01-12 16:49:35,163 INFO  [Log] Submit button found.... 
2016-01-12 16:49:35,163 INFO  [Log] Read row wise and column wise value from Excel... 
2016-01-12 16:49:35,311 INFO  [Log] User text box found.... 
2016-01-12 16:49:38,429 INFO  [Log] Password text box found.... 
2016-01-12 16:49:46,369 INFO  [Log] Submit button found.... 
2016-01-12 16:49:46,369 INFO  [Log] Read row wise and column wise value from Excel... 
2016-01-12 16:49:46,681 INFO  [Log] Click event on logout... 
2016-01-12 16:49:48,039 INFO  [Log] Closing driver... 
2016-01-12 17:39:49,657 INFO  [Log] Browser initiated.... 
2016-01-12 17:39:53,334 INFO  [Log] Browser open.... 
2016-01-12 17:39:53,338 INFO  [Log] Read data from Excel... 
2016-01-12 17:39:53,968 INFO  [Log] Read excel... 
2016-01-12 17:39:55,743 INFO  [Log] User text box found.... 
2016-01-12 17:40:00,686 INFO  [Log] Password text box found.... 
2016-01-12 17:40:05,284 INFO  [Log] Submit button found.... 
2016-01-12 17:40:05,284 INFO  [Log] Read row wise and column wise value from Excel... 
2016-01-12 17:40:07,242 INFO  [Log] User text box found.... 
2016-01-12 17:40:12,209 INFO  [Log] Password text box found.... 
2016-01-12 17:40:16,767 INFO  [Log] Submit button found.... 
2016-01-12 17:40:16,767 INFO  [Log] Read row wise and column wise value from Excel... 
2016-01-12 17:40:18,492 INFO  [Log] User text box found.... 
2016-01-12 17:40:23,139 INFO  [Log] Password text box found.... 
2016-01-12 17:40:27,984 INFO  [Log] Submit button found.... 
2016-01-12 17:40:27,984 INFO  [Log] Read row wise and column wise value from Excel... 
2016-01-12 17:40:29,688 INFO  [Log] User text box found.... 
2016-01-12 17:40:34,652 INFO  [Log] Password text box found.... 
2016-01-12 17:40:43,775 INFO  [Log] Submit button found.... 
2016-01-12 17:40:43,775 INFO  [Log] Read row wise and column wise value from Excel... 
2016-01-12 17:40:45,205 INFO  [Log] Click event on logout... 
2016-01-12 17:40:46,583 INFO  [Log] Closing driver... 
2016-01-12 17:44:03,931 INFO  [Log] Click event on Save button... 
2016-01-12 17:45:09,110 INFO  [Log] Click event on PopUp OK button... 
2016-01-12 17:45:29,350 INFO  [Log] Click event on Add Trade Product button... 
2016-01-12 17:45:30,243 INFO  [Log] Click event on Save button... 
2016-01-12 17:45:30,395 INFO  [Log] Click event on PopUp OK button... 
2016-01-12 18:12:18,621 INFO  [Log] Browser initiated.... 
2016-01-12 18:12:21,499 INFO  [Log] Browser open.... 
2016-01-12 18:12:21,510 INFO  [Log] Read data from Excel... 
2016-01-12 18:12:22,138 INFO  [Log] Read excel... 
2016-01-12 18:12:23,753 INFO  [Log] User text box found.... 
2016-01-12 18:12:28,594 INFO  [Log] Password text box found.... 
2016-01-12 18:12:33,613 INFO  [Log] Submit button found.... 
2016-01-12 18:12:33,613 INFO  [Log] Read row wise and column wise value from Excel... 
2016-01-12 18:12:35,079 INFO  [Log] User text box found.... 
2016-01-12 18:12:39,902 INFO  [Log] Password text box found.... 
2016-01-12 18:12:44,881 INFO  [Log] Submit button found.... 
2016-01-12 18:12:44,881 INFO  [Log] Read row wise and column wise value from Excel... 
2016-01-12 18:12:46,795 INFO  [Log] User text box found.... 
2016-01-12 18:12:51,805 INFO  [Log] Password text box found.... 
2016-01-12 18:12:56,745 INFO  [Log] Submit button found.... 
2016-01-12 18:12:56,745 INFO  [Log] Read row wise and column wise value from Excel... 
2016-01-12 18:12:58,577 INFO  [Log] User text box found.... 
2016-01-12 18:13:03,806 INFO  [Log] Password text box found.... 
2016-01-12 18:13:13,563 INFO  [Log] Submit button found.... 
2016-01-12 18:13:13,563 INFO  [Log] Read row wise and column wise value from Excel... 
2016-01-12 18:13:15,097 INFO  [Log] Click event on logout... 
2016-01-12 18:13:16,452 INFO  [Log] Closing driver... 
2016-01-12 18:20:12,211 INFO  [Log] Click event on Save button... 
2016-01-12 18:21:17,518 INFO  [Log] Click event on PopUp OK button... 
2016-01-12 18:21:37,664 INFO  [Log] Click event on Add Trade Product button... 
2016-01-12 18:21:38,502 INFO  [Log] Click event on Save button... 
2016-01-12 18:21:38,745 INFO  [Log] Click event on PopUp OK button... 
2016-01-13 15:33:55,382 INFO  [Log] Browser initiated.... 
2016-01-13 15:33:59,659 INFO  [Log] Browser open.... 
2016-01-13 15:33:59,683 INFO  [Log] Read data from Excel... 
2016-01-13 15:34:02,008 INFO  [Log] Read excel... 
2016-01-13 15:34:03,999 INFO  [Log] User text box found.... 
2016-01-13 15:34:08,050 INFO  [Log] Password text box found.... 
2016-01-13 15:34:12,325 INFO  [Log] Submit button found.... 
2016-01-13 15:34:12,326 INFO  [Log] Read row wise and column wise value from Excel... 
2016-01-13 15:34:13,589 INFO  [Log] User text box found.... 
2016-01-13 15:34:17,810 INFO  [Log] Password text box found.... 
2016-01-13 15:34:22,153 INFO  [Log] Submit button found.... 
2016-01-13 15:34:22,153 INFO  [Log] Read row wise and column wise value from Excel... 
2016-01-13 15:34:23,510 INFO  [Log] User text box found.... 
2016-01-13 15:34:27,649 INFO  [Log] Password text box found.... 
2016-01-13 15:34:31,728 INFO  [Log] Submit button found.... 
2016-01-13 15:34:31,728 INFO  [Log] Read row wise and column wise value from Excel... 
2016-01-13 15:34:33,648 INFO  [Log] User text box found.... 
2016-01-13 15:34:38,133 INFO  [Log] Password text box found.... 
2016-01-13 15:34:50,702 INFO  [Log] Submit button found.... 
2016-01-13 15:34:50,702 INFO  [Log] Read row wise and column wise value from Excel... 
2016-01-13 15:34:52,202 INFO  [Log] Click event on logout... 
2016-01-13 15:34:53,333 INFO  [Log] Closing driver... 
2016-01-13 18:42:32,038 INFO  [Log] Browser initiated.... 
2016-01-13 18:42:54,710 INFO  [Log] Browser open.... 
2016-01-13 18:42:54,718 INFO  [Log] Read data from Excel... 
2016-01-22 16:19:01,761 INFO  [Log] Browser initiated.... 
2016-01-22 16:19:04,506 INFO  [Log] Browser open.... 
2016-01-22 16:19:04,584 INFO  [Log] Read data from Excel... 
2016-01-22 16:19:08,435 INFO  [Log] Read excel... 
2016-01-22 16:20:51,117 INFO  [Log] Browser initiated.... 
2016-01-22 16:20:55,703 INFO  [Log] Browser open.... 
2016-01-22 16:20:55,707 INFO  [Log] Read data from Excel... 
2016-01-22 16:20:56,398 INFO  [Log] Read excel... 
2016-01-22 16:20:57,506 INFO  [Log] User text box found.... 
2016-01-22 16:21:01,722 INFO  [Log] Password text box found.... 
2016-01-22 16:21:07,100 INFO  [Log] Submit button found.... 
2016-01-22 16:21:07,100 INFO  [Log] Read row wise and column wise value from Excel... 
2016-01-22 16:21:08,508 INFO  [Log] User text box found.... 
2016-01-22 16:21:12,699 INFO  [Log] Password text box found.... 
2016-01-22 16:21:17,791 INFO  [Log] Submit button found.... 
2016-01-22 16:21:17,791 INFO  [Log] Read row wise and column wise value from Excel... 
2016-01-22 16:21:18,942 INFO  [Log] User text box found.... 
2016-01-22 16:21:22,059 INFO  [Log] Password text box found.... 
2016-01-22 16:21:26,478 INFO  [Log] Submit button found.... 
2016-01-22 16:21:26,478 INFO  [Log] Read row wise and column wise value from Excel... 
2016-01-22 16:21:26,687 INFO  [Log] User text box found.... 
2016-01-22 16:21:29,790 INFO  [Log] Password text box found.... 
2016-01-22 16:21:34,220 INFO  [Log] Submit button found.... 
2016-01-22 16:21:34,220 INFO  [Log] Read row wise and column wise value from Excel... 
2016-01-22 16:21:35,535 INFO  [Log] Closing driver... 
2016-01-27 18:50:18,408 INFO  [Log] Browser initiated.... 
2016-01-27 18:50:23,249 INFO  [Log] Browser open.... 
2016-01-27 18:50:23,276 INFO  [Log] Read data from Excel... 
2016-01-27 18:50:25,401 INFO  [Log] Read excel... 
2016-01-27 18:50:36,334 INFO  [Log] Read row wise and column wise value from Excel... 
2016-01-27 18:50:47,017 INFO  [Log] Read row wise and column wise value from Excel... 
2016-01-27 18:50:58,144 INFO  [Log] Read row wise and column wise value from Excel... 
2016-01-27 18:51:10,249 INFO  [Log] Read row wise and column wise value from Excel... 
2016-01-27 18:51:11,671 INFO  [Log] Closing driver... 
2016-01-27 19:09:55,454 INFO  [Log] Browser initiated.... 
2016-01-27 19:10:00,514 INFO  [Log] Browser open.... 
2016-01-27 19:10:00,518 INFO  [Log] Read data from Excel... 
2016-01-27 19:10:01,199 INFO  [Log] Read excel... 
2016-01-27 19:10:12,206 INFO  [Log] Read row wise and column wise value from Excel... 
2016-01-27 19:10:23,349 INFO  [Log] Read row wise and column wise value from Excel... 
2016-01-27 19:10:34,476 INFO  [Log] Read row wise and column wise value from Excel... 
2016-01-27 19:10:45,162 INFO  [Log] Read row wise and column wise value from Excel... 
2016-01-27 19:10:46,596 INFO  [Log] Closing driver... 
2016-02-19 15:15:23,195 INFO  [Log] Browser initiated.... 
2016-02-19 15:15:42,420 INFO  [Log] Browser open.... 
2016-02-19 15:15:42,430 INFO  [Log] Read data from Excel... 
2016-02-19 15:15:42,459 INFO  [Log] Read excel... 
2016-02-19 15:15:58,370 INFO  [Log] Read row wise and column wise value from Excel... 
2016-02-19 15:16:14,786 INFO  [Log] Read row wise and column wise value from Excel... 
2016-02-19 15:16:31,205 INFO  [Log] Read row wise and column wise value from Excel... 
2016-02-19 15:16:46,512 INFO  [Log] Read row wise and column wise value from Excel... 
2016-02-19 15:16:47,902 INFO  [Log] Closing driver... 
2016-02-19 15:17:48,644 INFO  [Log] Exception in 'Add Barter Sales Order' Screen 
2016-02-19 15:17:48,654 INFO  [Log] Test case executed 
2016-02-19 15:17:49,655 INFO  [Log] Opening Sales Order Screen 
2016-02-19 15:17:49,655 INFO  [Log] Exception in 'Add Barter Sales Order' Screen 
2016-02-19 15:17:50,656 INFO  [Log] Test case executed 
2016-02-19 15:18:15,346 INFO  [Log] Exception in 'Add Barter Sales Order' Screen 
2016-02-19 15:18:15,346 INFO  [Log] Test case executed 
2016-02-19 15:18:16,356 INFO  [Log] Opening Sales Order Screen 
2016-02-19 15:18:17,367 INFO  [Log] Exception in 'Add Barter Sales Order' Screen 
2016-02-19 15:18:17,367 INFO  [Log] Test case executed 
2016-02-19 15:24:04,883 INFO  [Log] Browser initiated.... 
2016-02-19 15:24:15,880 INFO  [Log] Browser open.... 
2016-02-19 15:24:15,884 INFO  [Log] Read data from Excel... 
2016-02-19 15:24:15,924 INFO  [Log] Read excel... 
2016-02-19 15:24:32,806 INFO  [Log] Read row wise and column wise value from Excel... 
2016-02-19 15:24:49,397 INFO  [Log] Read row wise and column wise value from Excel... 
2016-02-19 15:25:06,157 INFO  [Log] Read row wise and column wise value from Excel... 
2016-02-19 15:25:22,113 INFO  [Log] Read row wise and column wise value from Excel... 
2016-02-19 15:25:24,314 INFO  [Log] Closing driver... 
2016-02-19 15:25:26,334 INFO  [Log] Exception in 'Add Barter Sales Order' Screen 
2016-02-19 15:25:26,334 INFO  [Log] Test case executed 
2016-02-19 15:25:27,346 INFO  [Log] Opening Sales Order Screen 
2016-02-19 15:25:27,356 INFO  [Log] Exception in 'Add Barter Sales Order' Screen 
2016-02-19 15:25:28,357 INFO  [Log] Test case executed 
